Sun May 21 17:02:10 CEST 2017
Version:  AGG 2.1

Layered graph transformation of : EdGraphOfMappingSchema
on graph : MappingGraph
[  Map-ObjectClass-To-Table  Map-Inheritance-To-Table  Map-Inheritance-To-Join  CreateObjectClassTable  Create-ObjectClassIDColumn  Map-M:N_Association  Map-M:N_Association-Self  Map-1:N_Association  Map-1:N_Association-Self  Map-1:N_Association-With-SharedTable  Map-1:N_Association-With-ForeignClass  Map-1:1_Association  Map-1:1_Association-Self  Map-1:1_Association-With-SharedTable  CreateSurfaceGeometryTable  Map-BrepGeometryProperty  Map-PointOrLinerGeometryProperty  Map-HybridGeometryProperty  Map-SimpleBasicDataProperty  Map-ComplexBasicDataProperty  Map-GenericDataProperty  CreateSimpleIndexForJoinColumn  CreateSpatialIndexForInlineGeometryColumn  CleanUp-IsolatedTables  ]

Layer: 0
[  Map-Inheritance-To-Table  Map-ObjectClass-To-Table  ]
Map-ObjectClass-To-Table 	 applied:  false
NAC  "Nac"  is violated!
[  Map-Inheritance-To-Table  ]
Map-Inheritance-To-Table 	 applied:  false
NAC  "Child_has_properties"  is violated!
[  ]
used time: 65ms

Layer: 1
[  CreateObjectClassTable  Create-ObjectClassIDColumn  Map-Inheritance-To-Join  ]
Map-Inheritance-To-Join 	 applied:  false
NAC  "Nac"  is violated!
[  CreateObjectClassTable  Create-ObjectClassIDColumn  ]
CreateObjectClassTable 	 applied:  false
NAC  "Nac"  is violated!
[  Create-ObjectClassIDColumn  ]
Create-ObjectClassIDColumn 	 applied:  false
Attributes don't match.
[  ]
used time: 22ms

Layer: 2
[  Map-1:N_Association  Map-1:N_Association-With-SharedTable  Map-1:N_Association-Self  Map-M:N_Association-Self  Map-1:1_Association-Self  Map-1:1_Association-With-SharedTable  Map-M:N_Association  Map-1:1_Association  Map-1:N_Association-With-ForeignClass  ]
Map-1:1_Association 	 applied:  false
Attribute condition  [ m==1 ]  failed.
[  Map-1:N_Association  Map-1:N_Association-With-SharedTable  Map-1:N_Association-Self  Map-M:N_Association-Self  Map-1:1_Association-Self  Map-1:1_Association-With-SharedTable  Map-M:N_Association  Map-1:N_Association-With-ForeignClass  ]
Map-M:N_Association-Self 	 applied:  false
Attribute condition  [ m==1 ]  failed.
[  Map-1:N_Association  Map-1:N_Association-With-SharedTable  Map-1:N_Association-Self  Map-1:1_Association-Self  Map-1:1_Association-With-SharedTable  Map-M:N_Association  Map-1:N_Association-With-ForeignClass  ]
Map-M:N_Association 	 applied:  false
Attribute condition  [ m==1 ]  failed.
[  Map-1:N_Association  Map-1:N_Association-With-SharedTable  Map-1:N_Association-Self  Map-1:1_Association-Self  Map-1:1_Association-With-SharedTable  Map-1:N_Association-With-ForeignClass  ]
Map-1:N_Association-Self 	 applied:  false

[  Map-1:N_Association  Map-1:N_Association-With-SharedTable  Map-1:1_Association-Self  Map-1:1_Association-With-SharedTable  Map-1:N_Association-With-ForeignClass  ]
Map-1:N_Association-With-ForeignClass 	 applied:  false
NAC  "Nac"  is violated!
[  Map-1:N_Association  Map-1:N_Association-With-SharedTable  Map-1:1_Association-Self  Map-1:1_Association-With-SharedTable  ]
Map-1:1_Association-Self 	 applied:  false

[  Map-1:N_Association  Map-1:N_Association-With-SharedTable  Map-1:1_Association-With-SharedTable  ]
Map-1:N_Association 	 applied:  false
NAC  "Nac"  is violated!
[  Map-1:N_Association-With-SharedTable  Map-1:1_Association-With-SharedTable  ]
Map-1:N_Association-With-SharedTable 	 applied:  false
NAC  "Nac"  is violated!
[  Map-1:1_Association-With-SharedTable  ]
Map-1:1_Association-With-SharedTable 	 applied:  false
Attribute condition  [ m==1 ]  failed.
[  ]
used time: 561ms

Layer: 3
[  CreateSurfaceGeometryTable  Map-ComplexBasicDataProperty  Map-SimpleBasicDataProperty  Map-GenericDataProperty  Map-PointOrLinerGeometryProperty  Map-HybridGeometryProperty  Map-BrepGeometryProperty  ]
Map-ComplexBasicDataProperty 	 applied:  false
NAC  "Nac"  is violated!
[  CreateSurfaceGeometryTable  Map-SimpleBasicDataProperty  Map-GenericDataProperty  Map-PointOrLinerGeometryProperty  Map-HybridGeometryProperty  Map-BrepGeometryProperty  ]
Map-SimpleBasicDataProperty 	 applied:  false
NAC  "Nac"  is violated!
[  CreateSurfaceGeometryTable  Map-GenericDataProperty  Map-PointOrLinerGeometryProperty  Map-HybridGeometryProperty  Map-BrepGeometryProperty  ]
Map-BrepGeometryProperty 	 applied:  false
Attributes don't match.
[  CreateSurfaceGeometryTable  Map-GenericDataProperty  Map-PointOrLinerGeometryProperty  Map-HybridGeometryProperty  ]
CreateSurfaceGeometryTable 	 applied:  false
NAC  "Nac"  is violated!
[  Map-GenericDataProperty  Map-PointOrLinerGeometryProperty  Map-HybridGeometryProperty  ]
Map-GenericDataProperty 	 applied:  false
NAC  "Nac"  is violated!
[  Map-PointOrLinerGeometryProperty  Map-HybridGeometryProperty  ]
Map-HybridGeometryProperty 	 applied:  false
NAC  "Nac"  is violated!
[  Map-PointOrLinerGeometryProperty  ]
Map-PointOrLinerGeometryProperty 	 applied:  false
NAC  "Nac"  is violated!
[  ]
used time: 10739ms

Layer: 4
[  CleanUp-IsolatedTables  CreateSpatialIndexForInlineGeometryColumn  CreateSimpleIndexForJoinColumn  ]
CleanUp-IsolatedTables 	 applied:  false

[  CreateSpatialIndexForInlineGeometryColumn  CreateSimpleIndexForJoinColumn  ]
CreateSimpleIndexForJoinColumn 	 applied:  false
NAC  "Nac"  is violated!
[  CreateSpatialIndexForInlineGeometryColumn  ]
CreateSpatialIndexForInlineGeometryColumn 	 applied:  false
NAC  "Nac"  is violated!
[  ]
used time: 27ms

No more layers.
Graph transformation finished
